error: failed to build native gem extension  i've tried following some of the advice to uninstall libv8 and reinstall it, then run bundle, but it doesn't seem to work. i'm trying to install  - -rails with less.       gem install libv8 -v 3.16.14.3 -- --with-system-v8 done installing documentation for  after 0 seconds   bundle update updating git://github.com/seyhunak/ - -rails.git fetching gem metadata from   additional metadata from   dependencies... installing rake (10.3.1) using i18n (0.6.9) using minitest (4.7.5) using multi_json (1.9.2) installing thread_safe (0.3.3) installing tzinfo (0.3.39) using activesupport (4.0.2) using builder (3.1.4) using erubis (2.7.0) using rack (1.5.2) using rack-test (0.6.2) using actionpack (4.0.2) using mime-types (1.25.1) using polyglot (0.3.4) using treetop (1.4.15) using mail (2.5.4) using actionmailer (4.0.2) using activemodel (4.0.2) using activerecord-deprecated_finders (1.0.3) using arel (4.0.2) using activerecord (4.0.2) using bcrypt (3.1.7) using bundler (1.5.2) using coffee-script-source (1.7.0) using execjs (2.0.2) using coffee-script (2.2.0) installing thor (0.19.1) using railties (4.0.2) using coffee-rails (4.0.1) using orm_adapter (0.5.0) using warden (1.2.3) installing devise (3.2.4) using hike (1.2.3) using jbuilder (1.5.3) using jquery-rails (3.1.0) using json (1.8.1) using kaminari (0.15.1) using libv8 (3.16.14.3) using tilt (1.4.1) using sprockets (2.11.0) using sprockets-rails (2.0.1) using rails (4.0.2) using rdoc (4.1.1) using ref (1.0.5) installing sass (3.2.19) installing sass-rails (4.0.3) using sdoc (0.4.0) using simple_form (3.0.2) using sqlite3 (1.3.9)  gem::ext::builderror: error: failed to build gem native extension.      /system/library/frameworks/ruby.framework/versions/2.0/usr/bin/ruby extconf.rb  checking for main() in -lpthread... yes checking for main() in -lobjc... yes creating makefile  make "destdir=" clean  make "destdir=" compiling accessor.cc clang: warning: argument unused during compilation: '-rdynamic' compiling array.cc clang: warning: argument unused during compilation: '-rdynamic' compiling backref.cc clang: warning: argument unused during compilation: '-rdynamic' compiling constants.cc clang: warning: argument unused during compilation: '-rdynamic' compiling constraints.cc clang: warning: argument unused during compilation: '-rdynamic' compiling context.cc clang: warning: argument unused during compilation: '-rdynamic' compiling date.cc clang: warning: argument unused during compilation: '-rdynamic' compiling exception.cc clang: warning: argument unused during compilation: '-rdynamic' compiling external.cc clang: warning: argument unused during compilation: '-rdynamic' compiling function.cc clang: warning: argument unused during compilation: '-rdynamic' compiling gc.cc clang: warning: argument unused during compilation: '-rdynamic' compiling handles.cc clang: warning: argument unused during compilation: '-rdynamic' compiling heap.cc clang: warning: argument unused during compilation: '-rdynamic' compiling init.cc clang: warning: argument unused during compilation: '-rdynamic' init.cc:11:20: warning: empty parentheses interpreted as a function declaration [-wvexing-parse]     v8::locker lock();                    ^~ init.cc:11:20: note: remove parentheses to declare a variable     v8::locker lock();                    ^~ init.cc:11:16: warning: 'lock' has c-linkage specified, but returns user-defined type 'v8::locker' which is incompatible with c [-wreturn-type-c-linkage]     v8::locker lock();                ^ 2 warnings generated. compiling invocation.cc clang: warning: argument unused during compilation: '-rdynamic' compiling locker.cc clang: warning: argument unused during compilation: '-rdynamic' compiling message.cc clang: warning: argument unused during compilation: '-rdynamic' compiling object.cc clang: warning: argument unused during compilation: '-rdynamic' compiling primitive.cc clang: warning: argument unused during compilation: '-rdynamic' compiling rr.cc clang: warning: argument unused during compilation: '-rdynamic' compiling script.cc clang: warning: argument unused during compilation: '-rdynamic' compiling signature.cc clang: warning: argument unused during compilation: '-rdynamic' compiling stack.cc clang: warning: argument unused during compilation: '-rdynamic' compiling string.cc clang: warning: argument unused during compilation: '-rdynamic' compiling template.cc clang: warning: argument unused during compilation: '-rdynamic' compiling trycatch.cc clang: warning: argument unused during compilation: '-rdynamic' compiling v8.cc clang: warning: argument unused during compilation: '-rdynamic' compiling value.cc clang: warning: argument unused during compilation: '-rdynamic' linking shared-object v8/init.bundle clang: error: unknown argument: '-multiply_definedsuppress' [-wunused-command-line-argument-hard-error-in-future] clang: note: this will be a hard error (cannot be downgraded to a warning) in the future make: *** [init.bundle] error 1  make failed, exit code 2  gem files will remain installed in /users/****/.bundler/tmp/63501/gems/therubyracer-0.12.1 for inspection. results logged to /users/****/.bundler/tmp/63501/extensions/universal-darwin-13/2.0.0/therubyracer-0.12.1/gem_make.out an error occurred while installing therubyracer (0.12.1), and bundler cannot continue. make sure that `gem install therubyracer -v '0.12.1'` succeeds before bundling.      i'm not sure what else to do at this point. should i try uninstalling the gems and reinstalling them?  